<?xml version="1.0" ?>
<coverage version="7.4.0" timestamp="1727164800" lines-valid="1250" lines-covered="1088" line-rate="0.8704" branches-covered="0" branches-valid="0" branch-rate="0" complexity="0">
  <sources>
    <source>/workspace/Avalanche_eDNA</source>
  </sources>
  <packages>
    <package name="src.pipeline" line-rate="0.892" branch-rate="0" complexity="0">
      <classes>
        <class name="taxonomy_pipeline.py" filename="src/pipeline/taxonomy_pipeline.py" line-rate="0.91" branch-rate="0" complexity="0"/>
        <class name="dynamic_pipeline.py" filename="src/pipeline/dynamic_pipeline.py" line-rate="0.87" branch-rate="0" complexity="0"/>
      </classes>
    </package>
    <package name="src.models" line-rate="0.848" branch-rate="0" complexity="0">
      <classes>
        <class name="continual_learning.py" filename="src/models/continual_learning.py" line-rate="0.86" branch-rate="0" complexity="0"/>
        <class name="model_memory.py" filename="src/models/model_memory.py" line-rate="0.83" branch-rate="0" complexity="0"/>
      </classes>
    </package>
  </packages>
</coverage>
